{"/home/alex/Desktop/CODE/NODE/23 -/13 Test/vidly/routes/returns.js": {"path":"/home/alex/Desktop/CODE/NODE/23 -/13 Test/vidly/routes/returns.js","statementMap":{"0":{"start":{"line":2,"column":16},"end":{"line":2,"column":0}},"1":{"start":{"line":3,"column":15},"end":{"line":3,"column":0}},"2":{"start":{"line":6,"column":15},"end":{"line":6,"column":0}},"3":{"start":{"line":7,"column":17},"end":{"line":7,"column":0}},"4":{"start":{"line":8,"column":13},"end":{"line":8,"column":0}},"5":{"start":{"line":9,"column":13},"end":{"line":9,"column":0}},"6":{"start":{"line":11,"column":0},"end":{"line":null,"column":-1}},"7":{"start":{"line":45,"column":1},"end":{"line":null,"column":-1}},"8":{"start":{"line":48,"column":0},"end":{"line":null,"column":-1}}},"fnMap":{"0":{"name":"(anonymous_0)","decl":{"start":{"line":11,"column":23},"end":{"line":11,"column":29}},"loc":{"start":{"line":11,"column":43},"end":{"line":11,"column":0}}}},"branchMap":{},"s":{"0":0,"1":0,"2":0,"3":0,"4":0,"5":0,"6":0,"7":0,"8":0},"f":{"0":0},"b":{}}
,"/home/alex/Desktop/CODE/NODE/23 -/13 Test/vidly/startup/routes.js": {"path":"/home/alex/Desktop/CODE/NODE/23 -/13 Test/vidly/startup/routes.js","statementMap":{"0":{"start":{"line":2,"column":15},"end":{"line":2,"column":42}},"1":{"start":{"line":3,"column":18},"end":{"line":3,"column":48}},"2":{"start":{"line":4,"column":14},"end":{"line":4,"column":40}},"3":{"start":{"line":5,"column":16},"end":{"line":5,"column":44}},"4":{"start":{"line":6,"column":14},"end":{"line":6,"column":40}},"5":{"start":{"line":7,"column":13},"end":{"line":7,"column":38}},"6":{"start":{"line":8,"column":16},"end":{"line":8,"column":44}},"7":{"start":{"line":10,"column":24},"end":{"line":10,"column":54}},"8":{"start":{"line":12,"column":0},"end":{"line":23,"column":2}},"9":{"start":{"line":13,"column":1},"end":{"line":13,"column":25}},"10":{"start":{"line":14,"column":1},"end":{"line":14,"column":32}},"11":{"start":{"line":15,"column":1},"end":{"line":15,"column":38}},"12":{"start":{"line":16,"column":1},"end":{"line":16,"column":30}},"13":{"start":{"line":17,"column":1},"end":{"line":17,"column":34}},"14":{"start":{"line":18,"column":1},"end":{"line":18,"column":30}},"15":{"start":{"line":19,"column":1},"end":{"line":19,"column":28}},"16":{"start":{"line":20,"column":1},"end":{"line":20,"column":34}},"17":{"start":{"line":22,"column":1},"end":{"line":22,"column":26}}},"fnMap":{"0":{"name":"(anonymous_0)","decl":{"start":{"line":12,"column":17},"end":{"line":12,"column":18}},"loc":{"start":{"line":12,"column":40},"end":{"line":23,"column":1}},"line":12}},"branchMap":{},"s":{"0":3,"1":3,"2":3,"3":3,"4":3,"5":3,"6":3,"7":3,"8":3,"9":3,"10":3,"11":3,"12":3,"13":3,"14":3,"15":3,"16":3,"17":3},"f":{"0":3},"b":{},"_coverageSchema":"332fd63041d2c1bcb487cc26dd0d5f7d97098a6c","hash":"9fcec5b238cc25b5193bd183076e08baaf10e29a"}
}
