{"/home/alex/Desktop/CODE/NODE/23 -/13 Test/vidly/middleware/validateObjectId.js": {"path":"/home/alex/Desktop/CODE/NODE/23 -/13 Test/vidly/middleware/validateObjectId.js","statementMap":{"0":{"start":{"line":2,"column":17},"end":{"line":2,"column":36}},"1":{"start":{"line":4,"column":0},"end":{"line":10,"column":2}},"2":{"start":{"line":5,"column":1},"end":{"line":7,"column":2}},"3":{"start":{"line":6,"column":2},"end":{"line":6,"column":44}},"4":{"start":{"line":9,"column":1},"end":{"line":9,"column":8}}},"fnMap":{"0":{"name":"(anonymous_0)","decl":{"start":{"line":4,"column":17},"end":{"line":4,"column":18}},"loc":{"start":{"line":4,"column":43},"end":{"line":10,"column":1}},"line":4}},"branchMap":{"0":{"loc":{"start":{"line":5,"column":1},"end":{"line":7,"column":2}},"type":"if","locations":[{"start":{"line":5,"column":1},"end":{"line":7,"column":2}},{"start":{"line":5,"column":1},"end":{"line":7,"column":2}}],"line":5}},"s":{"0":1,"1":1,"2":2,"3":1,"4":1},"f":{"0":2},"b":{"0":[1,1]},"_coverageSchema":"332fd63041d2c1bcb487cc26dd0d5f7d97098a6c","hash":"9e432258e9ca52860ba62e6bb9e7aad222ea00ee"}
,"/home/alex/Desktop/CODE/NODE/23 -/13 Test/vidly/models/genre.js": {"path":"/home/alex/Desktop/CODE/NODE/23 -/13 Test/vidly/models/genre.js","statementMap":{"0":{"start":{"line":1,"column":17},"end":{"line":1,"column":36}},"1":{"start":{"line":2,"column":12},"end":{"line":2,"column":26}},"2":{"start":{"line":4,"column":20},"end":{"line":11,"column":2}},"3":{"start":{"line":13,"column":14},"end":{"line":16,"column":1}},"4":{"start":{"line":18,"column":0},"end":{"line":24,"column":2}},"5":{"start":{"line":19,"column":16},"end":{"line":21,"column":2}},"6":{"start":{"line":23,"column":1},"end":{"line":23,"column":36}},"7":{"start":{"line":26,"column":0},"end":{"line":26,"column":29}},"8":{"start":{"line":27,"column":0},"end":{"line":27,"column":41}}},"fnMap":{"0":{"name":"(anonymous_0)","decl":{"start":{"line":18,"column":22},"end":{"line":18,"column":23}},"loc":{"start":{"line":18,"column":38},"end":{"line":24,"column":1}},"line":18}},"branchMap":{},"s":{"0":2,"1":2,"2":2,"3":2,"4":2,"5":4,"6":4,"7":2,"8":2},"f":{"0":4},"b":{},"_coverageSchema":"332fd63041d2c1bcb487cc26dd0d5f7d97098a6c","hash":"021d16a39211e5d110df65112294846c05a924f5"}
,"/home/alex/Desktop/CODE/NODE/23 -/13 Test/vidly/models/user.js": {"path":"/home/alex/Desktop/CODE/NODE/23 -/13 Test/vidly/models/user.js","statementMap":{"0":{"start":{"line":1,"column":17},"end":{"line":1,"column":36}},"1":{"start":{"line":2,"column":12},"end":{"line":2,"column":26}},"2":{"start":{"line":3,"column":12},"end":{"line":3,"column":35}},"3":{"start":{"line":4,"column":15},"end":{"line":4,"column":32}},"4":{"start":{"line":6,"column":19},"end":{"line":28,"column":2}},"5":{"start":{"line":30,"column":0},"end":{"line":32,"column":2}},"6":{"start":{"line":31,"column":1},"end":{"line":31,"column":86}},"7":{"start":{"line":34,"column":13},"end":{"line":34,"column":47}},"8":{"start":{"line":36,"column":0},"end":{"line":44,"column":2}},"9":{"start":{"line":37,"column":16},"end":{"line":41,"column":2}},"10":{"start":{"line":43,"column":1},"end":{"line":43,"column":35}},"11":{"start":{"line":46,"column":0},"end":{"line":46,"column":22}}},"fnMap":{"0":{"name":"(anonymous_0)","decl":{"start":{"line":30,"column":39},"end":{"line":30,"column":40}},"loc":{"start":{"line":30,"column":50},"end":{"line":32,"column":1}},"line":30},"1":{"name":"(anonymous_1)","decl":{"start":{"line":36,"column":20},"end":{"line":36,"column":21}},"loc":{"start":{"line":36,"column":36},"end":{"line":44,"column":1}},"line":36}},"branchMap":{},"s":{"0":4,"1":4,"2":4,"3":4,"4":4,"5":4,"6":9,"7":4,"8":4,"9":0,"10":0,"11":4},"f":{"0":9,"1":0},"b":{},"_coverageSchema":"332fd63041d2c1bcb487cc26dd0d5f7d97098a6c","hash":"b93e59022b36dea37e8151b482be83f37a8575e0"}
,"/home/alex/Desktop/CODE/NODE/23 -/13 Test/vidly/startup/logging.js": {"path":"/home/alex/Desktop/CODE/NODE/23 -/13 Test/vidly/startup/logging.js","statementMap":{"0":{"start":{"line":2,"column":16},"end":{"line":2,"column":34}},"1":{"start":{"line":3,"column":0},"end":{"line":3,"column":27}},"2":{"start":{"line":4,"column":0},"end":{"line":4,"column":32}},"3":{"start":{"line":6,"column":0},"end":{"line":54,"column":2}},"4":{"start":{"line":8,"column":16},"end":{"line":18,"column":3}},"5":{"start":{"line":21,"column":1},"end":{"line":27,"column":4}},"6":{"start":{"line":22,"column":2},"end":{"line":22,"column":32}},"7":{"start":{"line":23,"column":2},"end":{"line":23,"column":31}},"8":{"start":{"line":24,"column":2},"end":{"line":24,"column":26}},"9":{"start":{"line":26,"column":2},"end":{"line":26,"column":18}},"10":{"start":{"line":29,"column":1},"end":{"line":35,"column":4}},"11":{"start":{"line":30,"column":2},"end":{"line":30,"column":31}},"12":{"start":{"line":31,"column":2},"end":{"line":31,"column":32}},"13":{"start":{"line":33,"column":2},"end":{"line":33,"column":26}},"14":{"start":{"line":34,"column":2},"end":{"line":34,"column":18}},"15":{"start":{"line":37,"column":1},"end":{"line":41,"column":3}},"16":{"start":{"line":43,"column":1},"end":{"line":45,"column":3}},"17":{"start":{"line":47,"column":1},"end":{"line":49,"column":3}},"18":{"start":{"line":51,"column":1},"end":{"line":53,"column":3}}},"fnMap":{"0":{"name":"(anonymous_0)","decl":{"start":{"line":6,"column":17},"end":{"line":6,"column":18}},"loc":{"start":{"line":6,"column":29},"end":{"line":54,"column":1}},"line":6},"1":{"name":"(anonymous_1)","decl":{"start":{"line":21,"column":33},"end":{"line":21,"column":34}},"loc":{"start":{"line":21,"column":41},"end":{"line":27,"column":2}},"line":21},"2":{"name":"(anonymous_2)","decl":{"start":{"line":29,"column":34},"end":{"line":29,"column":35}},"loc":{"start":{"line":29,"column":42},"end":{"line":35,"column":2}},"line":29}},"branchMap":{},"s":{"0":1,"1":1,"2":1,"3":1,"4":1,"5":1,"6":0,"7":0,"8":0,"9":0,"10":1,"11":0,"12":0,"13":0,"14":0,"15":1,"16":1,"17":1,"18":1},"f":{"0":1,"1":0,"2":0},"b":{},"_coverageSchema":"332fd63041d2c1bcb487cc26dd0d5f7d97098a6c","hash":"4031e922bcd30ea5cff7a7be8ed88b07132927f0"}
}
