TN:
SF:/home/alex/Desktop/CODE/NODE/23 -/13 Test/vidly/index.js
FN:19,(anonymous_0)
FNF:1
FNH:1
FNDA:1,(anonymous_0)
DA:2,1
DA:3,1
DA:4,1
DA:6,1
DA:7,1
DA:8,1
DA:9,1
DA:10,1
DA:18,1
DA:19,1
DA:21,1
LF:11
LH:11
BRDA:18,0,0,1
BRDA:18,0,1,1
BRF:2
BRH:2
end_of_record
TN:
SF:/home/alex/Desktop/CODE/NODE/23 -/13 Test/vidly/middleware/admin.js
FN:2,(anonymous_0)
FNF:1
FNH:1
FNDA:5,(anonymous_0)
DA:2,1
DA:6,5
DA:8,4
LF:3
LH:3
BRDA:6,0,0,1
BRDA:6,0,1,4
BRF:2
BRH:2
end_of_record
TN:
SF:/home/alex/Desktop/CODE/NODE/23 -/13 Test/vidly/middleware/async.js
FN:2,(anonymous_0)
FN:3,(anonymous_1)
FNF:2
FNH:1
FNDA:20,(anonymous_0)
FNDA:0,(anonymous_1)
DA:2,1
DA:3,20
DA:4,0
DA:5,0
DA:7,0
LF:5
LH:2
BRF:0
BRH:0
end_of_record
TN:
SF:/home/alex/Desktop/CODE/NODE/23 -/13 Test/vidly/middleware/auth.js
FN:4,(anonymous_0)
FNF:1
FNH:1
FNDA:19,(anonymous_0)
DA:1,2
DA:2,2
DA:4,2
DA:5,19
DA:6,19
DA:8,16
DA:9,16
DA:10,16
DA:11,16
DA:13,0
LF:10
LH:9
BRDA:6,0,0,3
BRDA:6,0,1,16
BRF:2
BRH:2
end_of_record
TN:
SF:/home/alex/Desktop/CODE/NODE/23 -/13 Test/vidly/middleware/error.js
FN:4,(anonymous_0)
FNF:1
FNH:0
FNDA:0,(anonymous_0)
DA:2,1
DA:4,1
DA:13,0
DA:15,0
LF:4
LH:2
BRF:0
BRH:0
end_of_record
TN:
SF:/home/alex/Desktop/CODE/NODE/23 -/13 Test/vidly/middleware/validateObjectId.js
FN:4,(anonymous_0)
FNF:1
FNH:1
FNDA:13,(anonymous_0)
DA:2,1
DA:4,1
DA:5,13
DA:6,3
DA:9,10
LF:5
LH:5
BRDA:5,0,0,3
BRDA:5,0,1,10
BRF:2
BRH:2
end_of_record
TN:
SF:/home/alex/Desktop/CODE/NODE/23 -/13 Test/vidly/models/customer.js
FN:26,(anonymous_0)
FNF:1
FNH:0
FNDA:0,(anonymous_0)
DA:1,1
DA:2,1
DA:4,1
DA:26,1
DA:27,0
DA:33,0
DA:36,1
LF:7
LH:5
BRF:0
BRH:0
end_of_record
TN:
SF:/home/alex/Desktop/CODE/NODE/23 -/13 Test/vidly/models/film.js
FN:34,(anonymous_0)
FNF:1
FNH:0
FNDA:0,(anonymous_0)
DA:1,1
DA:2,1
DA:3,1
DA:5,1
DA:34,1
DA:35,0
DA:42,0
DA:45,1
LF:8
LH:6
BRF:0
BRH:0
end_of_record
TN:
SF:/home/alex/Desktop/CODE/NODE/23 -/13 Test/vidly/models/genre.js
FN:18,(anonymous_0)
FNF:1
FNH:1
FNDA:9,(anonymous_0)
DA:1,2
DA:2,2
DA:4,2
DA:13,2
DA:18,2
DA:19,9
DA:23,9
DA:26,2
DA:27,2
LF:9
LH:9
BRF:0
BRH:0
end_of_record
TN:
SF:/home/alex/Desktop/CODE/NODE/23 -/13 Test/vidly/models/rental.js
FN:63,(anonymous_0)
FNF:1
FNH:0
FNDA:0,(anonymous_0)
DA:1,1
DA:2,1
DA:4,1
DA:58,1
DA:63,1
DA:64,0
DA:68,0
DA:71,1
LF:8
LH:6
BRF:0
BRH:0
end_of_record
TN:
SF:/home/alex/Desktop/CODE/NODE/23 -/13 Test/vidly/models/user.js
FN:30,(anonymous_0)
FN:36,(anonymous_1)
FNF:2
FNH:1
FNDA:23,(anonymous_0)
FNDA:0,(anonymous_1)
DA:1,4
DA:2,4
DA:3,4
DA:4,4
DA:6,4
DA:30,4
DA:31,23
DA:34,4
DA:36,4
DA:37,0
DA:43,0
DA:46,4
LF:12
LH:10
BRF:0
BRH:0
end_of_record
TN:
SF:/home/alex/Desktop/CODE/NODE/23 -/13 Test/vidly/routes/auth.js
FN:10,(anonymous_0)
FN:15,(anonymous_1)
FN:29,validate
FNF:3
FNH:0
FNDA:0,(anonymous_0)
FNDA:0,(anonymous_1)
FNDA:0,validate
DA:1,1
DA:2,1
DA:3,1
DA:4,1
DA:5,1
DA:7,1
DA:8,1
DA:10,1
DA:11,0
DA:12,0
DA:15,1
DA:16,0
DA:17,0
DA:19,0
DA:20,0
DA:22,0
DA:23,0
DA:25,0
DA:26,0
DA:30,0
DA:35,0
DA:38,1
LF:22
LH:10
BRDA:17,0,0,0
BRDA:17,0,1,0
BRDA:20,1,0,0
BRDA:20,1,1,0
BRDA:23,2,0,0
BRDA:23,2,1,0
BRF:6
BRH:0
end_of_record
TN:
SF:/home/alex/Desktop/CODE/NODE/23 -/13 Test/vidly/routes/customers.js
FN:9,(anonymous_0)
FN:14,(anonymous_1)
FN:23,(anonymous_2)
FN:36,(anonymous_3)
FN:42,(anonymous_4)
FNF:5
FNH:0
FNDA:0,(anonymous_0)
FNDA:0,(anonymous_1)
FNDA:0,(anonymous_2)
FNDA:0,(anonymous_3)
FNDA:0,(anonymous_4)
DA:1,1
DA:2,1
DA:4,1
DA:5,1
DA:6,1
DA:9,1
DA:10,0
DA:11,0
DA:14,1
DA:15,0
DA:16,0
DA:18,0
DA:19,0
DA:20,0
DA:23,1
DA:24,0
DA:25,0
DA:27,0
DA:32,0
DA:33,0
DA:36,1
DA:37,0
DA:38,0
DA:39,0
DA:42,1
DA:43,0
DA:44,0
DA:45,0
DA:48,1
LF:29
LH:11
BRDA:16,0,0,0
BRDA:16,0,1,0
BRDA:25,1,0,0
BRDA:25,1,1,0
BRDA:32,2,0,0
BRDA:32,2,1,0
BRDA:38,3,0,0
BRDA:38,3,1,0
BRDA:44,4,0,0
BRDA:44,4,1,0
BRF:10
BRH:0
end_of_record
TN:
SF:/home/alex/Desktop/CODE/NODE/23 -/13 Test/vidly/routes/films.js
FN:9,(anonymous_0)
FN:14,(anonymous_1)
FN:34,(anonymous_2)
FN:43,(anonymous_3)
FN:49,(anonymous_4)
FNF:5
FNH:0
FNDA:0,(anonymous_0)
FNDA:0,(anonymous_1)
FNDA:0,(anonymous_2)
FNDA:0,(anonymous_3)
FNDA:0,(anonymous_4)
DA:1,1
DA:2,1
DA:4,1
DA:5,1
DA:6,1
DA:7,1
DA:9,1
DA:10,0
DA:11,0
DA:14,1
DA:15,0
DA:16,0
DA:18,0
DA:19,0
DA:21,0
DA:30,0
DA:31,0
DA:34,1
DA:35,0
DA:36,0
DA:38,0
DA:39,0
DA:40,0
DA:43,1
DA:44,0
DA:45,0
DA:46,0
DA:49,1
DA:50,0
DA:51,0
DA:52,0
DA:55,1
LF:32
LH:12
BRDA:16,0,0,0
BRDA:16,0,1,0
BRDA:19,1,0,0
BRDA:19,1,1,0
BRDA:36,2,0,0
BRDA:36,2,1,0
BRDA:39,3,0,0
BRDA:39,3,1,0
BRDA:45,4,0,0
BRDA:45,4,1,0
BRDA:51,5,0,0
BRDA:51,5,1,0
BRF:12
BRH:0
end_of_record
TN:
SF:/home/alex/Desktop/CODE/NODE/23 -/13 Test/vidly/routes/genres.js
FN:11,(anonymous_0)
FN:17,(anonymous_1)
FN:26,(anonymous_2)
FN:35,(anonymous_3)
FN:41,(anonymous_4)
FNF:5
FNH:5
FNDA:1,(anonymous_0)
FNDA:4,(anonymous_1)
FNDA:5,(anonymous_2)
FNDA:3,(anonymous_3)
FNDA:2,(anonymous_4)
DA:1,1
DA:2,1
DA:3,1
DA:5,1
DA:6,1
DA:7,1
DA:8,1
DA:9,1
DA:11,1
DA:13,1
DA:14,1
DA:17,1
DA:18,4
DA:19,4
DA:21,2
DA:22,2
DA:23,2
DA:26,1
DA:27,5
DA:28,5
DA:30,3
DA:31,3
DA:32,2
DA:35,1
DA:36,3
DA:37,3
DA:38,2
DA:41,1
DA:42,2
DA:43,2
DA:44,1
DA:47,1
LF:32
LH:32
BRDA:19,0,0,2
BRDA:19,0,1,2
BRDA:28,1,0,2
BRDA:28,1,1,3
BRDA:31,2,0,1
BRDA:31,2,1,2
BRDA:37,3,0,1
BRDA:37,3,1,2
BRDA:43,4,0,1
BRDA:43,4,1,1
BRF:10
BRH:10
end_of_record
TN:
SF:/home/alex/Desktop/CODE/NODE/23 -/13 Test/vidly/routes/rentals.js
FN:14,(anonymous_0)
FN:19,(anonymous_1)
FN:55,(anonymous_2)
FN:68,(anonymous_3)
FN:74,(anonymous_4)
FNF:5
FNH:0
FNDA:0,(anonymous_0)
FNDA:0,(anonymous_1)
FNDA:0,(anonymous_2)
FNDA:0,(anonymous_3)
FNDA:0,(anonymous_4)
DA:1,1
DA:2,1
DA:3,1
DA:4,1
DA:6,1
DA:7,1
DA:8,1
DA:9,1
DA:10,1
DA:12,1
DA:14,1
DA:15,0
DA:16,0
DA:19,1
DA:20,0
DA:21,0
DA:23,0
DA:24,0
DA:26,0
DA:27,0
DA:29,0
DA:31,0
DA:44,0
DA:52,0
DA:55,1
DA:56,0
DA:57,0
DA:59,0
DA:64,0
DA:65,0
DA:68,1
DA:69,0
DA:70,0
DA:71,0
DA:74,1
DA:75,0
DA:76,0
DA:77,0
DA:80,1
LF:39
LH:16
BRDA:21,0,0,0
BRDA:21,0,1,0
BRDA:24,1,0,0
BRDA:24,1,1,0
BRDA:27,2,0,0
BRDA:27,2,1,0
BRDA:29,3,0,0
BRDA:29,3,1,0
BRDA:57,4,0,0
BRDA:57,4,1,0
BRDA:64,5,0,0
BRDA:64,5,1,0
BRDA:70,6,0,0
BRDA:70,6,1,0
BRDA:76,7,0,0
BRDA:76,7,1,0
BRF:16
BRH:0
end_of_record
TN:
SF:/home/alex/Desktop/CODE/NODE/23 -/13 Test/vidly/routes/users.js
FN:11,(anonymous_0)
FN:16,(anonymous_1)
FN:21,(anonymous_2)
FNF:3
FNH:0
FNDA:0,(anonymous_0)
FNDA:0,(anonymous_1)
FNDA:0,(anonymous_2)
DA:1,1
DA:2,1
DA:3,1
DA:4,1
DA:6,1
DA:7,1
DA:8,1
DA:11,1
DA:12,0
DA:13,0
DA:16,1
DA:17,0
DA:18,0
DA:21,1
DA:22,0
DA:23,0
DA:25,0
DA:26,0
DA:28,0
DA:29,0
DA:30,0
DA:32,0
DA:34,0
DA:35,0
DA:37,0
DA:40,1
LF:26
LH:11
BRDA:23,0,0,0
BRDA:23,0,1,0
BRDA:26,1,0,0
BRDA:26,1,1,0
BRF:4
BRH:0
end_of_record
TN:
SF:/home/alex/Desktop/CODE/NODE/23 -/13 Test/vidly/startup/config.js
FN:4,(anonymous_0)
FNF:1
FNH:1
FNDA:1,(anonymous_0)
DA:2,1
DA:4,1
DA:5,1
DA:6,0
LF:4
LH:3
BRDA:5,0,0,0
BRDA:5,0,1,1
BRF:2
BRH:1
end_of_record
TN:
SF:/home/alex/Desktop/CODE/NODE/23 -/13 Test/vidly/startup/database.js
FN:5,(anonymous_0)
FN:8,(anonymous_1)
FNF:2
FNH:2
FNDA:1,(anonymous_0)
FNDA:1,(anonymous_1)
DA:1,1
DA:2,1
DA:3,1
DA:5,1
DA:6,1
DA:7,1
DA:8,1
LF:7
LH:7
BRF:0
BRH:0
end_of_record
TN:
SF:/home/alex/Desktop/CODE/NODE/23 -/13 Test/vidly/startup/logging.js
FN:6,(anonymous_0)
FN:21,(anonymous_1)
FN:29,(anonymous_2)
FNF:3
FNH:1
FNDA:1,(anonymous_0)
FNDA:0,(anonymous_1)
FNDA:0,(anonymous_2)
DA:2,1
DA:3,1
DA:4,1
DA:6,1
DA:8,1
DA:21,1
DA:22,0
DA:23,0
DA:24,0
DA:26,0
DA:29,1
DA:30,0
DA:31,0
DA:33,0
DA:34,0
DA:37,1
DA:43,1
DA:47,1
DA:51,1
LF:19
LH:11
BRF:0
BRH:0
end_of_record
TN:
SF:/home/alex/Desktop/CODE/NODE/23 -/13 Test/vidly/startup/routes.js
FN:10,(anonymous_0)
FNF:1
FNH:1
FNDA:1,(anonymous_0)
DA:2,1
DA:3,1
DA:4,1
DA:5,1
DA:6,1
DA:7,1
DA:8,1
DA:10,1
DA:11,1
DA:12,1
DA:13,1
DA:14,1
DA:15,1
DA:16,1
DA:17,1
DA:19,1
LF:16
LH:16
BRF:0
BRH:0
end_of_record
TN:
SF:/home/alex/Desktop/CODE/NODE/23 -/13 Test/vidly/startup/validation.js
FN:3,(anonymous_0)
FNF:1
FNH:1
FNDA:1,(anonymous_0)
DA:1,1
DA:3,1
DA:4,1
LF:3
LH:3
BRF:0
BRH:0
end_of_record
